This is pdfTeX, Version 3.14159265-2.6-1.40.21 (TeX Live 2020) (preloaded format=pdflatex 2021.2.8)  21 FEB 2021 13:46
entering extended mode
 restricted \write18 enabled.
 %&-line parsing enabled.
**thesis_qp_ajpelu.tex
(./thesis_qp_ajpelu.tex
LaTeX2e <2020-10-01> patch level 4
L3 programming layer <2021-02-06>
(/Users/ajpelu/Library/TinyTeX/texmf-dist/tex/latex/koma-script/scrreprt.cls
Document Class: scrreprt 2020/09/21 v3.32 KOMA-Script document class (report)
(/Users/ajpelu/Library/TinyTeX/texmf-dist/tex/latex/koma-script/scrkbase.sty
Package: scrkbase 2020/09/21 v3.32 KOMA-Script package (KOMA-Script-dependent b
asics and keyval usage)

(/Users/ajpelu/Library/TinyTeX/texmf-dist/tex/latex/koma-script/scrbase.sty
Package: scrbase 2020/09/21 v3.32 KOMA-Script package (KOMA-Script-independent 
basics and keyval usage)

(/Users/ajpelu/Library/TinyTeX/texmf-dist/tex/latex/koma-script/scrlfile.sty
Package: scrlfile 2020/09/21 v3.32 KOMA-Script package (file load hooks)

(/Users/ajpelu/Library/TinyTeX/texmf-dist/tex/latex/koma-script/scrlfile-hook.s
ty
Package: scrlfile-hook 2020/09/21 v3.32 KOMA-Script package (using LaTeX hooks)


LaTeX3 Info: Defining command \BeforeFile with sig. 'm' on line 61.


LaTeX3 Info: Defining command \AfterFile with sig. 'm' on line 65.


LaTeX3 Info: Defining command \BeforeClass with sig. 'm' on line 69.


LaTeX3 Info: Defining command \BeforePackage with sig. 'm' on line 73.


LaTeX3 Info: Defining command \AfterAtEndOfClass with sig. 'smo+m' on line 83.


LaTeX3 Info: Defining command \AfterAtEndOfPackage with sig. 'smo+m' on line
(LaTeX3)     93.


LaTeX3 Info: Defining command \scrlfile@AfterClass with sig. 'smo+m' on line
(LaTeX3)     173.


LaTeX3 Info: Defining command \AfterClass with sig. '' on line 174.


LaTeX3 Info: Defining command \scrlfile@AfterPackage with sig. 'smo+m' on line
(LaTeX3)     191.


LaTeX3 Info: Defining command \AfterPackage with sig. '' on line 192.


LaTeX3 Info: Defining command \ReplaceInput with sig. '' on line 193.


LaTeX3 Info: Defining command \ReplaceClass with sig. 'mm' on line 196.


LaTeX3 Info: Defining command \ReplacePackage with sig. 'mm' on line 199.


LaTeX3 Info: Defining command \UnReplaceInput with sig. '' on line 200.


LaTeX3 Info: Defining command \UnReplaceClass with sig. 'm' on line 203.


LaTeX3 Info: Defining command \UnReplacePackage with sig. 'mm' on line 206.


LaTeX3 Info: Defining command \PreventPackageFromLoading with sig. 's+om' on
(LaTeX3)     line 234.


LaTeX3 Info: Defining command \StorePreventPackageFromLoading with sig. 'm' on
(LaTeX3)     line 242.


LaTeX3 Info: Defining command \ResetPreventPackageFromLoading with sig. '' on
(LaTeX3)     line 247.


LaTeX3 Info: Defining command \UnPreventPackageFromLoading with sig. 'sm' on
(LaTeX3)     line 261.


LaTeX3 Info: Defining command \BeforeClosingMainAux with sig. 'om' on line
(LaTeX3)     274.


LaTeX3 Info: Defining command \AfterReadingMainAux with sig. 'om' on line 287.


LaTeX3 Info: Defining command \protected@immediate@write with sig. 'm+m+m' on
(LaTeX3)     line 298.

 (/Users/ajpelu/Library/TinyTeX/texmf-dist/tex/latex/koma-script/scrlogo.sty
Package: scrlogo 2020/09/21 v3.32 KOMA-Script package (logo)
))) (/Users/ajpelu/Library/TinyTeX/texmf-dist/tex/latex/graphics/keyval.sty
Package: keyval 2014/10/28 v1.15 key=value parser (DPC)
\KV@toks@=\toks15
)))
(/Users/ajpelu/Library/TinyTeX/texmf-dist/tex/latex/koma-script/tocbasic.sty
Package: tocbasic 2020/09/21 v3.32 KOMA-Script package (handling toc-files)
\scr@dte@tocline@numberwidth=\skip47
\scr@dte@tocline@numbox=\box47
)
Package tocbasic Info: babel extension for `toc' omitted
(tocbasic)             because of missing \bbl@set@language on input line 137.
Class scrreprt Info: You've used standard option `openright'.
(scrreprt)           This is correct!
(scrreprt)           Internally I'm using `open=right'.
(scrreprt)           If you'd like to set the option with \KOMAoptions,
(scrreprt)           you'd have to use `open=right' there
(scrreprt)           instead of `openright', too.
Package scrreprt Info: You've used standard option `12pt'.
(scrreprt)             This is correct!
(scrreprt)             Internally I'm using `fontsize=12pt'.
(scrreprt)             If you'd like to set the option with \KOMAoptions,
(scrreprt)             you'd have to use `fontsize=12pt' there
(scrreprt)             instead of `12pt', too.
Class scrreprt Info: File `scrsize12pt.clo' used to setup font sizes on input l
ine 2434.

(/Users/ajpelu/Library/TinyTeX/texmf-dist/tex/latex/koma-script/scrsize12pt.clo
File: scrsize12pt.clo 2020/09/21 v3.32 KOMA-Script font size class option (12pt
)
) (/Users/ajpelu/Library/TinyTeX/texmf-dist/tex/latex/koma-script/typearea.sty
Package: typearea 2020/09/21 v3.32 KOMA-Script package (type area)
\ta@bcor=\skip48
\ta@div=\count177
\ta@hblk=\skip49
\ta@vblk=\skip50
\ta@temp=\skip51
\footheight=\skip52
Package typearea Info: These are the values describing the layout:
(typearea)             DIV  = 12
(typearea)             BCOR = 0.0pt
(typearea)             \paperwidth      = 597.50793pt
(typearea)              \textwidth      = 448.13095pt
(typearea)              DIV departure   = -6%
(typearea)              \evensidemargin = 27.31467pt
(typearea)              \oddsidemargin  = -22.47766pt
(typearea)             \paperheight     = 845.04694pt
(typearea)              \textheight     = 635.5pt
(typearea)              \topmargin      = -41.72441pt
(typearea)              \headheight     = 18.125pt
(typearea)              \headsep        = 21.75pt
(typearea)              \topskip        = 12.0pt
(typearea)              \footskip       = 50.75pt
(typearea)              \baselineskip   = 14.5pt
(typearea)              on input line 1740.
)
\c@part=\count178
\c@chapter=\count179
\c@section=\count180
\c@subsection=\count181
\c@subsubsection=\count182
\c@paragraph=\count183
\c@subparagraph=\count184
\scr@dte@chapter@maxnumwidth=\skip53
Class scrreprt Info: using compatibility default `afterindent=bysign'
(scrreprt)           for `\chapter on input line 5627.
\scr@dte@section@maxnumwidth=\skip54
Class scrreprt Info: using compatibility default `runin=bysign'
(scrreprt)           for `\section on input line 5638.
Class scrreprt Info: using compatibility default `afterindent=bysign'
(scrreprt)           for `\section on input line 5638.
\scr@dte@part@maxnumwidth=\skip55
Class scrreprt Info: using compatibility default `afterindent=true'
(scrreprt)           for `\part on input line 5647.
\scr@dte@subsection@maxnumwidth=\skip56
Class scrreprt Info: using compatibility default `runin=bysign'
(scrreprt)           for `\subsection on input line 5657.
Class scrreprt Info: using compatibility default `afterindent=bysign'
(scrreprt)           for `\subsection on input line 5657.
\scr@dte@subsubsection@maxnumwidth=\skip57
Class scrreprt Info: using compatibility default `runin=bysign'
(scrreprt)           for `\subsubsection on input line 5667.
Class scrreprt Info: using compatibility default `afterindent=bysign'
(scrreprt)           for `\subsubsection on input line 5667.
\scr@dte@paragraph@maxnumwidth=\skip58
Class scrreprt Info: using compatibility default `runin=bysign'
(scrreprt)           for `\paragraph on input line 5678.
Class scrreprt Info: using compatibility default `afterindent=bysign'
(scrreprt)           for `\paragraph on input line 5678.
\scr@dte@subparagraph@maxnumwidth=\skip59
Class scrreprt Info: using compatibility default `runin=bysign'
(scrreprt)           for `\subparagraph on input line 5688.
Class scrreprt Info: using compatibility default `afterindent=bysign'
(scrreprt)           for `\subparagraph on input line 5688.
\abovecaptionskip=\skip60
\belowcaptionskip=\skip61
\c@pti@nb@sid@b@x=\box48
Package tocbasic Info: babel extension for `lof' omitted
(tocbasic)             because of missing \bbl@set@language on input line 6925.

\scr@dte@figure@maxnumwidth=\skip62
\c@figure=\count185
Package tocbasic Info: babel extension for `lot' omitted
(tocbasic)             because of missing \bbl@set@language on input line 6942.

\scr@dte@table@maxnumwidth=\skip63
\c@table=\count186
Class scrreprt Info: Redefining `\numberline' on input line 7111.
\bibindent=\dimen138
) (./my-thesis-setup.tex
(/Users/ajpelu/Library/TinyTeX/texmf-dist/tex/latex/base/inputenc.sty
Package: inputenc 2020/08/01 v1.3d Input encoding file
\inpenc@prehook=\toks16
\inpenc@posthook=\toks17
)
(/Users/ajpelu/Library/TinyTeX/texmf-dist/tex/generic/babel/babel.sty
Package: babel 2021/01/26 3.53 The Babel package

(/Users/ajpelu/Library/TinyTeX/texmf-dist/tex/generic/babel/babel.def
File: babel.def 2021/01/26 3.53 Babel common definitions
\babel@savecnt=\count187
\U@D=\dimen139
\l@babelnohyphens=\language4

(/Users/ajpelu/Library/TinyTeX/texmf-dist/tex/generic/babel/txtbabel.def)
\bbl@readstream=\read2
)
\bbl@dirlevel=\count188

(/Users/ajpelu/Library/TinyTeX/texmf-dist/tex/generic/babel-english/english.ldf
Language: english 2017/06/06 v3.3r English support from the babel system
Package babel Info: \l@british = using hyphenrules for english
(babel)             (\language0) on input line 82.
Package babel Info: \l@UKenglish = using hyphenrules for english
(babel)             (\language0) on input line 83.
Package babel Info: \l@canadian = using hyphenrules for english
(babel)             (\language0) on input line 102.
Package babel Info: \l@australian = using hyphenrules for english
(babel)             (\language0) on input line 105.
Package babel Info: \l@newzealand = using hyphenrules for english
(babel)             (\language0) on input line 108.
)
(/Users/ajpelu/Library/TinyTeX/texmf-dist/tex/generic/babel-spanish/spanish.ldf
Language: spanish.ldf 2016/03/03 v5.0p Spanish support from the babel system
\es@quottoks=\toks18
\es@quotdepth=\count189
Package babel Info: Making " an active character on input line 561.
Package babel Info: Making . an active character on input line 662.
Package babel Info: Making < an active character on input line 707.
Package babel Info: Making > an active character on input line 707.
)) (./cleanthesis.sty
Package: cleanthesis 2020/06/17 v0.4.1 A clean LaTeX style for thesis documents


(/Users/ajpelu/Library/TinyTeX/texmf-dist/tex/latex/xkeyval/xkeyval.sty
Package: xkeyval 2020/11/20 v2.8 package option processing (HA)

(/Users/ajpelu/Library/TinyTeX/texmf-dist/tex/generic/xkeyval/xkeyval.tex
(/Users/ajpelu/Library/TinyTeX/texmf-dist/tex/generic/xkeyval/xkvutils.tex
\XKV@toks=\toks19
\XKV@tempa@toks=\toks20
)
\XKV@depth=\count190
File: xkeyval.tex 2014/12/03 v2.7a key=value parser (HA)
))
(/Users/ajpelu/Library/TinyTeX/texmf-dist/tex/latex/xcolor/xcolor.sty
Package: xcolor 2016/05/11 v2.12 LaTeX color extensions (UK)

(/Users/ajpelu/Library/TinyTeX/texmf-dist/tex/latex/graphics-cfg/color.cfg
File: color.cfg 2016/01/02 v1.6 sample color configuration
)
Package xcolor Info: Driver file: pdftex.def on input line 225.

(/Users/ajpelu/Library/TinyTeX/texmf-dist/tex/latex/graphics-def/pdftex.def
File: pdftex.def 2020/10/05 v1.2a Graphics/color driver for pdftex
)
Package xcolor Info: Model `cmy' substituted by `cmy0' on input line 1348.
Package xcolor Info: Model `hsb' substituted by `rgb' on input line 1352.
Package xcolor Info: Model `RGB' extended on input line 1364.
Package xcolor Info: Model `HTML' substituted by `rgb' on input line 1366.
Package xcolor Info: Model `Hsb' substituted by `hsb' on input line 1367.
Package xcolor Info: Model `tHsb' substituted by `hsb' on input line 1368.
Package xcolor Info: Model `HSB' substituted by `hsb' on input line 1369.
Package xcolor Info: Model `Gray' substituted by `gray' on input line 1370.
Package xcolor Info: Model `wave' substituted by `hsb' on input line 1371.

(/Users/ajpelu/Library/TinyTeX/texmf-dist/tex/latex/graphics/dvipsnam.def
File: dvipsnam.def 2016/06/17 v3.0m Driver-dependent file (DPC,SPQR)
))
(/Users/ajpelu/Library/TinyTeX/texmf-dist/tex/latex/base/fontenc.sty
Package: fontenc 2020/08/10 v2.0s Standard LaTeX package
)
(/Users/ajpelu/Library/TinyTeX/texmf-dist/tex/latex/lm/lmodern.sty
Package: lmodern 2009/10/30 v1.6 Latin Modern Fonts
LaTeX Font Info:    Overwriting symbol font `operators' in version `normal'
(Font)                  OT1/cmr/m/n --> OT1/lmr/m/n on input line 22.
LaTeX Font Info:    Overwriting symbol font `letters' in version `normal'
(Font)                  OML/cmm/m/it --> OML/lmm/m/it on input line 23.
LaTeX Font Info:    Overwriting symbol font `symbols' in version `normal'
(Font)                  OMS/cmsy/m/n --> OMS/lmsy/m/n on input line 24.
LaTeX Font Info:    Overwriting symbol font `largesymbols' in version `normal'
(Font)                  OMX/cmex/m/n --> OMX/lmex/m/n on input line 25.
LaTeX Font Info:    Overwriting symbol font `operators' in version `bold'
(Font)                  OT1/cmr/bx/n --> OT1/lmr/bx/n on input line 26.
LaTeX Font Info:    Overwriting symbol font `letters' in version `bold'
(Font)                  OML/cmm/b/it --> OML/lmm/b/it on input line 27.
LaTeX Font Info:    Overwriting symbol font `symbols' in version `bold'
(Font)                  OMS/cmsy/b/n --> OMS/lmsy/b/n on input line 28.
LaTeX Font Info:    Overwriting symbol font `largesymbols' in version `bold'
(Font)                  OMX/cmex/m/n --> OMX/lmex/m/n on input line 29.
LaTeX Font Info:    Overwriting math alphabet `\mathbf' in version `normal'
(Font)                  OT1/cmr/bx/n --> OT1/lmr/bx/n on input line 31.
LaTeX Font Info:    Overwriting math alphabet `\mathsf' in version `normal'
(Font)                  OT1/cmss/m/n --> OT1/lmss/m/n on input line 32.
LaTeX Font Info:    Overwriting math alphabet `\mathit' in version `normal'
(Font)                  OT1/cmr/m/it --> OT1/lmr/m/it on input line 33.
LaTeX Font Info:    Overwriting math alphabet `\mathtt' in version `normal'
(Font)                  OT1/cmtt/m/n --> OT1/lmtt/m/n on input line 34.
LaTeX Font Info:    Overwriting math alphabet `\mathbf' in version `bold'
(Font)                  OT1/cmr/bx/n --> OT1/lmr/bx/n on input line 35.
LaTeX Font Info:    Overwriting math alphabet `\mathsf' in version `bold'
(Font)                  OT1/cmss/bx/n --> OT1/lmss/bx/n on input line 36.
LaTeX Font Info:    Overwriting math alphabet `\mathit' in version `bold'
(Font)                  OT1/cmr/bx/it --> OT1/lmr/bx/it on input line 37.
LaTeX Font Info:    Overwriting math alphabet `\mathtt' in version `bold'
(Font)                  OT1/cmtt/m/n --> OT1/lmtt/m/n on input line 38.
)
(/Users/ajpelu/Library/TinyTeX/texmf-dist/tex/latex/psnfss/charter.sty
Package: charter 2020/03/25 PSNFSS-v9.3 (P.Dyballa) 
)
(/Users/ajpelu/Library/TinyTeX/texmf-dist/tex/latex/microtype/microtype.sty
Package: microtype 2020/12/07 v2.8 Micro-typographical refinements (RS)
\MT@toks=\toks21
\MT@count=\count191
LaTeX Info: Redefining \textls on input line 788.
\MT@outer@kern=\dimen140
LaTeX Info: Redefining \textmicrotypecontext on input line 1358.
\MT@listname@count=\count192

(/Users/ajpelu/Library/TinyTeX/texmf-dist/tex/latex/microtype/microtype-pdftex.
def
File: microtype-pdftex.def 2020/12/07 v2.8 Definitions specific to pdftex (RS)
LaTeX Info: Redefining \lsstyle on input line 915.
LaTeX Info: Redefining \lslig on input line 915.
\MT@outer@space=\skip64
)
Package microtype Info: Loading configuration file microtype.cfg.

(/Users/ajpelu/Library/TinyTeX/texmf-dist/tex/latex/microtype/microtype.cfg
File: microtype.cfg 2020/12/07 v2.8 microtype main configuration file (RS)
))
(/Users/ajpelu/Library/TinyTeX/texmf-dist/tex/latex/setspace/setspace.sty
Package: setspace 2011/12/19 v6.7a set line spacing
)
(/Users/ajpelu/Library/TinyTeX/texmf-dist/tex/latex/graphics/graphicx.sty
Package: graphicx 2020/09/09 v1.2b Enhanced LaTeX Graphics (DPC,SPQR)

(/Users/ajpelu/Library/TinyTeX/texmf-dist/tex/latex/graphics/graphics.sty
Package: graphics 2020/08/30 v1.4c Standard LaTeX Graphics (DPC,SPQR)

(/Users/ajpelu/Library/TinyTeX/texmf-dist/tex/latex/graphics/trig.sty
Package: trig 2016/01/03 v1.10 sin cos tan (DPC)
)
(/Users/ajpelu/Library/TinyTeX/texmf-dist/tex/latex/graphics-cfg/graphics.cfg
File: graphics.cfg 2016/06/04 v1.11 sample graphics configuration
)
Package graphics Info: Driver file: pdftex.def on input line 105.
)
\Gin@req@height=\dimen141
\Gin@req@width=\dimen142
) (/Users/ajpelu/Library/TinyTeX/texmf-dist/tex/latex/tools/tabularx.sty
Package: tabularx 2020/01/15 v2.11c `tabularx' package (DPC)

(/Users/ajpelu/Library/TinyTeX/texmf-dist/tex/latex/tools/array.sty
Package: array 2020/10/01 v2.5c Tabular extension package (FMi)
\col@sep=\dimen143
\ar@mcellbox=\box49
\extrarowheight=\dimen144
\NC@list=\toks22
\extratabsurround=\skip65
\backup@length=\skip66
\ar@cellbox=\box50
)
\TX@col@width=\dimen145
\TX@old@table=\dimen146
\TX@old@col=\dimen147
\TX@target=\dimen148
\TX@delta=\dimen149
\TX@cols=\count193
\TX@ftn=\toks23
)
(/Users/ajpelu/Library/TinyTeX/texmf-dist/tex/latex/enumitem/enumitem.sty
Package: enumitem 2019/06/20 v3.9 Customized lists
\labelindent=\skip67
\enit@outerparindent=\dimen150
\enit@toks=\toks24
\enit@inbox=\box51
\enit@count@id=\count194
\enitdp@description=\count195
)
(/Users/ajpelu/Library/TinyTeX/texmf-dist/tex/latex/blindtext/blindtext.sty
Package: blindtext 2012/01/06 V2.0 blindtext-Package

(/Users/ajpelu/Library/TinyTeX/texmf-dist/tex/latex/tools/xspace.sty
Package: xspace 2014/10/28 v1.13 Space after command names (DPC,MH)
)
\c@blindtext=\count196
\c@Blindtext=\count197
\c@blind@countparstart=\count198
\blind@countxx=\count199
\blindtext@numBlindtext=\count266
\blind@countyy=\count267
\c@blindlist=\count268
\c@blindlistlevel=\count269
\c@blindlist@level=\count270
\blind@listitem=\count271
\c@blind@listcount=\count272
\c@blind@levelcount=\count273
\blind@mathformula=\count274
\blind@Mathformula=\count275
\c@blind@randomcount=\count276
\c@blind@randommax=\count277
\c@blind@pangramcount=\count278
\c@blind@pangrammax=\count279
)
(/Users/ajpelu/Library/TinyTeX/texmf-dist/tex/latex/base/textcomp.sty
Package: textcomp 2020/02/02 v2.0n Standard LaTeX package
)
(/Users/ajpelu/Library/TinyTeX/texmf-dist/tex/latex/hyperref/hyperref.sty
Package: hyperref 2021-02-10 v7.00j Hypertext links for LaTeX

(/Users/ajpelu/Library/TinyTeX/texmf-dist/tex/generic/ltxcmds/ltxcmds.sty
Package: ltxcmds 2020-05-10 v1.25 LaTeX kernel commands for general use (HO)
)
(/Users/ajpelu/Library/TinyTeX/texmf-dist/tex/generic/iftex/iftex.sty
Package: iftex 2020/03/06 v1.0d TeX engine tests
)
(/Users/ajpelu/Library/TinyTeX/texmf-dist/tex/generic/pdftexcmds/pdftexcmds.sty
Package: pdftexcmds 2020-06-27 v0.33 Utility functions of pdfTeX for LuaTeX (HO
)
(/Users/ajpelu/Library/TinyTeX/texmf-dist/tex/generic/infwarerr/infwarerr.sty
Package: infwarerr 2019/12/03 v1.5 Providing info/warning/error messages (HO)
)
Package pdftexcmds Info: \pdf@primitive is available.
Package pdftexcmds Info: \pdf@ifprimitive is available.
Package pdftexcmds Info: \pdfdraftmode found.
) (/Users/ajpelu/Library/TinyTeX/texmf-dist/tex/generic/kvsetkeys/kvsetkeys.sty
Package: kvsetkeys 2019/12/15 v1.18 Key value parser (HO)
)
(/Users/ajpelu/Library/TinyTeX/texmf-dist/tex/generic/kvdefinekeys/kvdefinekeys
.sty
Package: kvdefinekeys 2019-12-19 v1.6 Define keys (HO)
)
(/Users/ajpelu/Library/TinyTeX/texmf-dist/tex/generic/pdfescape/pdfescape.sty
Package: pdfescape 2019/12/09 v1.15 Implements pdfTeX's escape features (HO)
)
(/Users/ajpelu/Library/TinyTeX/texmf-dist/tex/latex/hycolor/hycolor.sty
Package: hycolor 2020-01-27 v1.10 Color options for hyperref/bookmark (HO)
)
(/Users/ajpelu/Library/TinyTeX/texmf-dist/tex/latex/letltxmacro/letltxmacro.sty
Package: letltxmacro 2019/12/03 v1.6 Let assignment for LaTeX macros (HO)
) (/Users/ajpelu/Library/TinyTeX/texmf-dist/tex/latex/auxhook/auxhook.sty
Package: auxhook 2019-12-17 v1.6 Hooks for auxiliary files (HO)
)
(/Users/ajpelu/Library/TinyTeX/texmf-dist/tex/latex/kvoptions/kvoptions.sty
Package: kvoptions 2020-10-07 v3.14 Key value format for package options (HO)
)
\@linkdim=\dimen151
\Hy@linkcounter=\count280
\Hy@pagecounter=\count281

(/Users/ajpelu/Library/TinyTeX/texmf-dist/tex/latex/hyperref/pd1enc.def
File: pd1enc.def 2021-02-10 v7.00j Hyperref: PDFDocEncoding definition (HO)
Now handling font encoding PD1 ...
... no UTF-8 mapping file for font encoding PD1
)
(/Users/ajpelu/Library/TinyTeX/texmf-dist/tex/latex/hyperref/hyperref-langpatch
es.def
File: hyperref-langpatches.def 2021-02-10 v7.00j Hyperref: patches for babel la
nguages
)
(/Users/ajpelu/Library/TinyTeX/texmf-dist/tex/generic/intcalc/intcalc.sty
Package: intcalc 2019/12/15 v1.3 Expandable calculations with integers (HO)
)
(/Users/ajpelu/Library/TinyTeX/texmf-dist/tex/generic/etexcmds/etexcmds.sty
Package: etexcmds 2019/12/15 v1.7 Avoid name clashes with e-TeX commands (HO)
)
\Hy@SavedSpaceFactor=\count282

(/Users/ajpelu/Library/TinyTeX/texmf-dist/tex/latex/hyperref/puenc.def
File: puenc.def 2021-02-10 v7.00j Hyperref: PDF Unicode definition (HO)
Now handling font encoding PU ...
... no UTF-8 mapping file for font encoding PU
)
Package hyperref Info: Option `draft' set `false' on input line 4073.
Package hyperref Info: Hyper figures OFF on input line 4192.
Package hyperref Info: Link nesting OFF on input line 4197.
Package hyperref Info: Hyper index ON on input line 4200.
Package hyperref Info: Plain pages OFF on input line 4207.
Package hyperref Info: Backreferencing OFF on input line 4212.
Package hyperref Info: Implicit mode ON; LaTeX internals redefined.
Package hyperref Info: Bookmarks ON on input line 4445.
\c@Hy@tempcnt=\count283

(/Users/ajpelu/Library/TinyTeX/texmf-dist/tex/latex/url/url.sty
\Urlmuskip=\muskip16
Package: url 2013/09/16  ver 3.4  Verb mode for urls, etc.
)
LaTeX Info: Redefining \url on input line 4804.
\XeTeXLinkMargin=\dimen152

(/Users/ajpelu/Library/TinyTeX/texmf-dist/tex/generic/bitset/bitset.sty
Package: bitset 2019/12/09 v1.3 Handle bit-vector datatype (HO)

(/Users/ajpelu/Library/TinyTeX/texmf-dist/tex/generic/bigintcalc/bigintcalc.sty
Package: bigintcalc 2019/12/15 v1.5 Expandable calculations on big integers (HO
)
))
\Fld@menulength=\count284
\Field@Width=\dimen153
\Fld@charsize=\dimen154
Package hyperref Info: Hyper figures OFF on input line 6075.
Package hyperref Info: Link nesting OFF on input line 6080.
Package hyperref Info: Hyper index ON on input line 6083.
Package hyperref Info: backreferencing OFF on input line 6090.
Package hyperref Info: Link coloring OFF on input line 6095.
Package hyperref Info: Link coloring with OCG OFF on input line 6100.
Package hyperref Info: PDF/A mode OFF on input line 6105.
LaTeX Info: Redefining \ref on input line 6145.
LaTeX Info: Redefining \pageref on input line 6149.
 (/Users/ajpelu/Library/TinyTeX/texmf-dist/tex/latex/base/atbegshi-ltx.sty
Package: atbegshi-ltx 2020/08/17 v1.0a Emulation of the original atbegshi packa
ge
with kernel methods
)
\Hy@abspage=\count285
\c@Item=\count286
\c@Hfootnote=\count287
)
Package hyperref Info: Driver (autodetected): hpdftex.

(/Users/ajpelu/Library/TinyTeX/texmf-dist/tex/latex/hyperref/hpdftex.def
File: hpdftex.def 2021-02-10 v7.00j Hyperref driver for pdfTeX

(/Users/ajpelu/Library/TinyTeX/texmf-dist/tex/latex/base/atveryend-ltx.sty
Package: atveryend-ltx 2020/08/19 v1.0a Emulation of the original atvery packag
e
with kernel methods
)
\Fld@listcount=\count288
\c@bookmark@seq@number=\count289

(/Users/ajpelu/Library/TinyTeX/texmf-dist/tex/latex/rerunfilecheck/rerunfileche
ck.sty
Package: rerunfilecheck 2019/12/05 v1.9 Rerun checks for auxiliary files (HO)

(/Users/ajpelu/Library/TinyTeX/texmf-dist/tex/generic/uniquecounter/uniquecount
er.sty
Package: uniquecounter 2019/12/15 v1.4 Provide unlimited unique counter (HO)
)
Package uniquecounter Info: New unique counter `rerunfilecheck' on input line 2
86.
)
\Hy@SectionHShift=\skip68
) (/Users/ajpelu/Library/TinyTeX/texmf-dist/tex/latex/tools/calc.sty
Package: calc 2017/05/25 v4.3 Infix arithmetic (KKT,FJ)
\calc@Acount=\count290
\calc@Bcount=\count291
\calc@Adimen=\dimen155
\calc@Bdimen=\dimen156
\calc@Askip=\skip69
\calc@Bskip=\skip70
LaTeX Info: Redefining \setlength on input line 80.
LaTeX Info: Redefining \addtolength on input line 81.
\calc@Ccount=\count292
\calc@Cskip=\skip71
)
(/Users/ajpelu/Library/TinyTeX/texmf-dist/tex/latex/koma-script/scrlayer-scrpag
e.sty
Package: scrlayer-scrpage 2020/09/21 v3.32 KOMA-Script package (end user interf
ace for scrlayer)

(/Users/ajpelu/Library/TinyTeX/texmf-dist/tex/latex/koma-script/scrlayer.sty
Package: scrlayer 2020/09/21 v3.32 KOMA-Script package (defining layers and pag
e styles)
Package scrlayer Info: Using already defined \footheight
(scrlayer)             hoping, that this is a length and
(scrlayer)             not only a macro on input line 109.
Package scrlayer Info: patching LaTeX kernel macro \pagestyle on input line 211
6.
)
Package scrlayer-scrpage Info: Makeing stand-alone element `pagehead' from
(scrlayer-scrpage)             alias to `pageheadfoot' on input line 1085.
Package scrlayer-scrpage Info: deactivating warning for font element
(scrlayer-scrpage)             `pagefoot' on input line 1109.
)
Package scrlayer-scrpage Info: auto-selection of `pagestyleset=KOMA-Script'.

1: section
1: chapter
1: chapter
1: section
(/Users/ajpelu/Library/TinyTeX/texmf-dist/tex/latex/caption/caption.sty
Package: caption 2020/10/26 v3.5g Customizing captions (AR)

(/Users/ajpelu/Library/TinyTeX/texmf-dist/tex/latex/caption/caption3.sty
Package: caption3 2020/10/21 v2.2e caption3 kernel (AR)
\captionmargin=\dimen157
\captionmargin@=\dimen158
\captionwidth=\dimen159
\caption@tempdima=\dimen160
\caption@indent=\dimen161
\caption@parindent=\dimen162
\caption@hangindent=\dimen163
Package caption Info: KOMA-Script document class detected.

(/Users/ajpelu/Library/TinyTeX/texmf-dist/tex/latex/caption/caption-koma.sto
File: caption-koma.sto 2020/09/21 v2.0b Adaption of the caption package to the 
KOMA-Script document classes (AR)
))
\c@caption@flags=\count293
\c@continuedfloat=\count294
Package caption Info: hyperref package is loaded.
)
LaTeX Font Info:    Trying to load font information for T1+bch on input line 28
5.
(/Users/ajpelu/Library/TinyTeX/texmf-dist/tex/latex/psnfss/t1bch.fd
File: t1bch.fd 2004/10/18 font definitions for T1/bch.
)
Package typearea Info: These are the values describing the layout:
(typearea)             DIV  = 12
(typearea)             BCOR = 71.13188pt
(typearea)             \paperwidth      = 597.50793pt
(typearea)              \textwidth      = 394.78204pt
(typearea)              DIV departure   = 0%
(typearea)              \evensidemargin = 15.45935pt
(typearea)              \oddsidemargin  = 42.72656pt
(typearea)             \paperheight     = 845.04694pt
(typearea)              \textheight     = 635.5pt
(typearea)              \topmargin      = -41.72441pt
(typearea)              \headheight     = 18.125pt
(typearea)              \headsep        = 21.75pt
(typearea)              \topskip        = 12.0pt
(typearea)              \footskip       = 63.07509pt
(typearea)              \baselineskip   = 14.5pt
(typearea)              on input line 285.
Package typearea Info: These are the values describing the layout:
(typearea)             DIV  = 12
(typearea)             BCOR = 71.13188pt
(typearea)             \paperwidth      = 597.50793pt
(typearea)              \textwidth      = 394.78204pt
(typearea)              DIV departure   = 0%
(typearea)              \evensidemargin = 15.45935pt
(typearea)              \oddsidemargin  = 42.72656pt
(typearea)             \paperheight     = 845.04694pt
(typearea)              \textheight     = 635.5pt
(typearea)              \topmargin      = -41.72441pt
(typearea)              \headheight     = 18.125pt
(typearea)              \headsep        = 21.75pt
(typearea)              \topskip        = 12.0pt
(typearea)              \footskip       = 63.07509pt
(typearea)              \baselineskip   = 14.5pt
(typearea)              on input line 286.

(/Users/ajpelu/Library/TinyTeX/texmf-dist/tex/latex/csquotes/csquotes.sty
Package: csquotes 2021-01-04 v5.2k context-sensitive quotations (JAW)

(/Users/ajpelu/Library/TinyTeX/texmf-dist/tex/latex/etoolbox/etoolbox.sty
Package: etoolbox 2020/10/05 v2.5k e-TeX tools for LaTeX (JAW)
\etb@tempcnta=\count295
)
\csq@reset=\count296
\csq@gtype=\count297
\csq@glevel=\count298
\csq@qlevel=\count299
\csq@maxlvl=\count300
\csq@tshold=\count301
\csq@ltx@everypar=\toks25

(/Users/ajpelu/Library/TinyTeX/texmf-dist/tex/latex/csquotes/csquotes.def
File: csquotes.def 2021-01-04 v5.2k csquotes generic definitions (JAW)
)
Package csquotes Info: Trying to load configuration file 'csquotes.cfg'...
Package csquotes Info: ... configuration file loaded successfully.

(/Users/ajpelu/Library/TinyTeX/texmf-dist/tex/latex/csquotes/csquotes.cfg
File: csquotes.cfg 
)
Package csquotes Info: Enabling strict warnings.
Package csquotes Info: Disabling multilingual quotes.
Package csquotes Info: Redefining alias 'default' -> 'english'.
)
(/Users/ajpelu/Library/TinyTeX/texmf-dist/tex/latex/biblatex/biblatex.sty
Package: biblatex 2020/12/31 v3.16 programmable bibliographies (PK/MW)

(/Users/ajpelu/Library/TinyTeX/texmf-dist/tex/latex/logreq/logreq.sty
Package: logreq 2010/08/04 v1.0 xml request logger
\lrq@indent=\count302

(/Users/ajpelu/Library/TinyTeX/texmf-dist/tex/latex/logreq/logreq.def
File: logreq.def 2010/08/04 v1.0 logreq spec v1.0
))
(/Users/ajpelu/Library/TinyTeX/texmf-dist/tex/latex/base/ifthen.sty
Package: ifthen 2014/09/29 v1.1c Standard LaTeX ifthen package (DPC)
)
\c@tabx@nest=\count303
\c@listtotal=\count304
\c@listcount=\count305
\c@liststart=\count306
\c@liststop=\count307
\c@citecount=\count308
\c@citetotal=\count309
\c@multicitecount=\count310
\c@multicitetotal=\count311
\c@instcount=\count312
\c@maxnames=\count313
\c@minnames=\count314
\c@maxitems=\count315
\c@minitems=\count316
\c@citecounter=\count317
\c@maxcitecounter=\count318
\c@savedcitecounter=\count319
\c@uniquelist=\count320
\c@uniquename=\count321
\c@refsection=\count322
\c@refsegment=\count323
\c@maxextratitle=\count324
\c@maxextratitleyear=\count325
\c@maxextraname=\count326
\c@maxextradate=\count327
\c@maxextraalpha=\count328
\c@abbrvpenalty=\count329
\c@highnamepenalty=\count330
\c@lownamepenalty=\count331
\c@maxparens=\count332
\c@parenlevel=\count333
\blx@tempcnta=\count334
\blx@tempcntb=\count335
\blx@tempcntc=\count336
\blx@maxsection=\count337
\blx@maxsegment@0=\count338
\blx@notetype=\count339
\blx@parenlevel@text=\count340
\blx@parenlevel@foot=\count341
\blx@sectionciteorder@0=\count342
\blx@entrysetcounter=\count343
\blx@biblioinstance=\count344
\labelnumberwidth=\skip72
\labelalphawidth=\skip73
\biblabelsep=\skip74
\bibitemsep=\skip75
\bibnamesep=\skip76
\bibinitsep=\skip77
\bibparsep=\skip78
\bibhang=\skip79
\blx@bcfin=\read3
\blx@bcfout=\write3
\blx@langwohyphens=\language5
\c@mincomprange=\count345
\c@maxcomprange=\count346
\c@mincompwidth=\count347
Package biblatex Info: Trying to load biblatex default data model...
Package biblatex Info: ... file 'blx-dm.def' found.

(/Users/ajpelu/Library/TinyTeX/texmf-dist/tex/latex/biblatex/blx-dm.def
File: blx-dm.def 2020/12/31 v3.16 biblatex localization (PK/MW)
)
Package biblatex Info: Trying to load biblatex style data model...
Package biblatex Info: ... file 'authoryear.dbx' not found.
Package biblatex Info: Trying to load biblatex custom data model...
Package biblatex Info: ... file 'biblatex-dm.cfg' not found.
\c@afterword=\count348
\c@savedafterword=\count349
\c@annotator=\count350
\c@savedannotator=\count351
\c@author=\count352
\c@savedauthor=\count353
\c@bookauthor=\count354
\c@savedbookauthor=\count355
\c@commentator=\count356
\c@savedcommentator=\count357
\c@editor=\count358
\c@savededitor=\count359
\c@editora=\count360
\c@savededitora=\count361
\c@editorb=\count362
\c@savededitorb=\count363
\c@editorc=\count364
\c@savededitorc=\count365
\c@foreword=\count366
\c@savedforeword=\count367
\c@holder=\count368
\c@savedholder=\count369
\c@introduction=\count370
\c@savedintroduction=\count371
\c@namea=\count372
\c@savednamea=\count373
\c@nameb=\count374
\c@savednameb=\count375
\c@namec=\count376
\c@savednamec=\count377
\c@translator=\count378
\c@savedtranslator=\count379
\c@shortauthor=\count380
\c@savedshortauthor=\count381
\c@shorteditor=\count382
\c@savedshorteditor=\count383
\c@labelname=\count384
\c@savedlabelname=\count385
\c@institution=\count386
\c@savedinstitution=\count387
\c@lista=\count388
\c@savedlista=\count389
\c@listb=\count390
\c@savedlistb=\count391
\c@listc=\count392
\c@savedlistc=\count393
\c@listd=\count394
\c@savedlistd=\count395
\c@liste=\count396
\c@savedliste=\count397
\c@listf=\count398
\c@savedlistf=\count399
\c@location=\count400
\c@savedlocation=\count401
\c@organization=\count402
\c@savedorganization=\count403
\c@origlocation=\count404
\c@savedoriglocation=\count405
\c@origpublisher=\count406
\c@savedorigpublisher=\count407
\c@publisher=\count408
\c@savedpublisher=\count409
\c@language=\count410
\c@savedlanguage=\count411
\c@origlanguage=\count412
\c@savedoriglanguage=\count413
\c@pageref=\count414
\c@savedpageref=\count415
\shorthandwidth=\skip80
\shortjournalwidth=\skip81
\shortserieswidth=\skip82
\shorttitlewidth=\skip83
\shortauthorwidth=\skip84
\shorteditorwidth=\skip85
\locallabelnumberwidth=\skip86
\locallabelalphawidth=\skip87
\localshorthandwidth=\skip88
\localshortjournalwidth=\skip89
\localshortserieswidth=\skip90
\localshorttitlewidth=\skip91
\localshortauthorwidth=\skip92
\localshorteditorwidth=\skip93
Package biblatex Info: Trying to load compatibility code...
Package biblatex Info: ... file 'blx-compat.def' found.

(/Users/ajpelu/Library/TinyTeX/texmf-dist/tex/latex/biblatex/blx-compat.def
File: blx-compat.def 2020/12/31 v3.16 biblatex compatibility (PK/MW)
)
Package biblatex Info: Trying to load BibTeX backend compatibility...
Package biblatex Info: ... file 'blx-bibtex.def' found.

(/Users/ajpelu/Library/TinyTeX/texmf-dist/tex/latex/biblatex/blx-bibtex.def
File: blx-bibtex.def 2020/12/31 v3.16 biblatex compatibility (PK/MW)


Package biblatex Warning: Using fall-back BibTeX(8) backend:
(biblatex)                functionality may be reduced/unavailable.

)
Package biblatex Info: Trying to load generic definitions...
Package biblatex Info: ... file 'biblatex.def' found.
 (/Users/ajpelu/Library/TinyTeX/texmf-dist/tex/latex/biblatex/biblatex.def
File: biblatex.def 2020/12/31 v3.16 biblatex compatibility (PK/MW)
\c@textcitecount=\count416
\c@textcitetotal=\count417
\c@textcitemaxnames=\count418
\c@biburlbigbreakpenalty=\count419
\c@biburlbreakpenalty=\count420
\c@biburlnumpenalty=\count421
\c@biburlucpenalty=\count422
\c@biburllcpenalty=\count423
\biburlbigskip=\muskip17
\biburlnumskip=\muskip18
\biburlucskip=\muskip19
\biburllcskip=\muskip20
\c@smartand=\count424
)
Package biblatex Info: Trying to load natbib compatibility...
Package biblatex Info: ... file 'blx-natbib.def' found.

(/Users/ajpelu/Library/TinyTeX/texmf-dist/tex/latex/biblatex/blx-natbib.def
File: blx-natbib.def 2020/12/31 v3.16 biblatex compatibility (PK/MW)
Package biblatex Info: Delimiter 'nameyeardelim' in context '' already defined,
 overwriting.
)
Package biblatex Info: Trying to load bibliography style 'authoryear'...
Package biblatex Info: ... file 'authoryear.bbx' found.

(/Users/ajpelu/Library/TinyTeX/texmf-dist/tex/latex/biblatex/bbx/authoryear.bbx
File: authoryear.bbx 2020/12/31 v3.16 biblatex bibliography style (PK/MW)
Package biblatex Info: Trying to load bibliography style 'standard'...
Package biblatex Info: ... file 'standard.bbx' found.
(/Users/ajpelu/Library/TinyTeX/texmf-dist/tex/latex/biblatex/bbx/standard.bbx
File: standard.bbx 2020/12/31 v3.16 biblatex bibliography style (PK/MW)
\c@bbx:relatedcount=\count425
\c@bbx:relatedtotal=\count426
))
Package biblatex Info: Trying to load citation style 'authoryear'...
Package biblatex Info: ... file 'authoryear.cbx' found.

(/Users/ajpelu/Library/TinyTeX/texmf-dist/tex/latex/biblatex/cbx/authoryear.cbx
File: authoryear.cbx 2020/12/31 v3.16 biblatex citation style (PK/MW)
Package biblatex Info: Redefining '\cite'.
Package biblatex Info: Redefining '\parencite'.
Package biblatex Info: Redefining '\footcite'.
Package biblatex Info: Redefining '\footcitetext'.
Package biblatex Info: Redefining '\smartcite'.
Package biblatex Info: Redefining '\textcite'.
Package biblatex Info: Redefining '\textcites'.
)
Package biblatex Info: Trying to load configuration file...
Package biblatex Info: ... file 'biblatex.cfg' found.
 (/Users/ajpelu/Library/TinyTeX/texmf-dist/tex/latex/biblatex/biblatex.cfg
File: biblatex.cfg 
))
(/Users/ajpelu/Library/TinyTeX/texmf-dist/tex/latex/listings/listings.sty
\lst@mode=\count427
\lst@gtempboxa=\box52
\lst@token=\toks26
\lst@length=\count428
\lst@currlwidth=\dimen164
\lst@column=\count429
\lst@pos=\count430
\lst@lostspace=\dimen165
\lst@width=\dimen166
\lst@newlines=\count431
\lst@lineno=\count432
\lst@maxwidth=\dimen167

(/Users/ajpelu/Library/TinyTeX/texmf-dist/tex/latex/listings/lstmisc.sty
File: lstmisc.sty 2020/03/24 1.8d (Carsten Heinz)
\c@lstnumber=\count433
\lst@skipnumbers=\count434
\lst@framebox=\box53
)
(/Users/ajpelu/Library/TinyTeX/texmf-dist/tex/latex/listings/listings.cfg
File: listings.cfg 2020/03/24 1.8d listings configuration
))
Package: listings 2020/03/24 1.8d (Carsten Heinz)

1: section
1: chapter
1: chapter
1: section
)
Package hyperref Info: Option `plainpages' set `false' on input line 82.
Package hyperref Info: Option `colorlinks' set `false' on input line 82.
Package hyperref Info: Option `breaklinks' set `true' on input line 82.
Package hyperref Info: Option `bookmarksnumbered' set `true' on input line 82.
Package hyperref Info: Option `bookmarksopen' set `true' on input line 82.
 (/Users/ajpelu/Library/TinyTeX/texmf-dist/tex/latex/koma-script/scrhack.sty
Package: scrhack 2020/09/21 v3.32 KOMA-Script package (hacking other packages)

(/Users/ajpelu/Library/TinyTeX/texmf-dist/tex/latex/xpatch/xpatch.sty
(/Users/ajpelu/Library/TinyTeX/texmf-dist/tex/latex/l3kernel/expl3.sty
Package: expl3 2021-02-06 L3 programming layer (loader) 

(/Users/ajpelu/Library/TinyTeX/texmf-dist/tex/latex/l3backend/l3backend-pdftex.
def
File: l3backend-pdftex.def 2021-02-06 L3 backend support: PDF output (pdfTeX)
\l__color_backend_stack_int=\count435
\l__pdf_internal_box=\box54
))
Package: xpatch 2020/03/25 v0.3a Extending etoolbox patching commands

(/Users/ajpelu/Library/TinyTeX/texmf-dist/tex/latex/l3packages/xparse/xparse.st
y
(/Users/ajpelu/Library/TinyTeX/texmf-dist/tex/latex/l3packages/xparse/xparse-20
20-10-01.sty
(/Users/ajpelu/Library/TinyTeX/texmf-dist/tex/latex/l3packages/xparse/xparse-ge
neric.tex))))
Package scrhack Info: hyperref hack deactivated because of
(scrhack)             detection of hyperref version, that doesn't
(scrhack)             need that hack, on input line 162.
Package scrhack Info: loading listings hack on input line 183.

(/Users/ajpelu/Library/TinyTeX/texmf-dist/tex/latex/koma-script/listings.hak
File: listings.hak 2020/09/21 v3.32 KOMA-Script scrhack part (hacking package l
istings)
Package tocbasic Info: setting babel extension for `lol' on input line 143.
Package scrhack Info: redefining \lstlistoflistings on input line 143.
)
Package scrhack Info: loading setspace hack on input line 197.

(/Users/ajpelu/Library/TinyTeX/texmf-dist/tex/latex/koma-script/setspace.hak
File: setspace.hak 2020/09/21 v3.32 KOMA-Script scrhack part (hacking package s
etspace)
))
(/Users/ajpelu/Library/TinyTeX/texmf-dist/tex/latex/booktabs/booktabs.sty
Package: booktabs 2020/01/12 v1.61803398 Publication quality tables
\heavyrulewidth=\dimen168
\lightrulewidth=\dimen169
\cmidrulewidth=\dimen170
\belowrulesep=\dimen171
\belowbottomsep=\dimen172
\aboverulesep=\dimen173
\abovetopsep=\dimen174
\cmidrulesep=\dimen175
\cmidrulekern=\dimen176
\defaultaddspace=\dimen177
\@cmidla=\count436
\@cmidlb=\count437
\@aboverulesep=\dimen178
\@belowrulesep=\dimen179
\@thisruleclass=\count438
\@lastruleclass=\count439
\@thisrulewidth=\dimen180
)
(/Users/ajpelu/Library/TinyTeX/texmf-dist/tex/latex/ragged2e/ragged2e.sty
Package: ragged2e 2021/02/05 v3.0 ragged2e Package

(/Users/ajpelu/Library/TinyTeX/texmf-dist/tex/latex/everysel/everysel.sty
Package: everysel 2021/01/20 v2.1 EverySelectfont Package (MS)

(/Users/ajpelu/Library/TinyTeX/texmf-dist/tex/latex/everysel/everysel-2011-10-2
8.sty))
\CenteringLeftskip=\skip94
\RaggedLeftLeftskip=\skip95
\RaggedRightLeftskip=\skip96
\CenteringRightskip=\skip97
\RaggedLeftRightskip=\skip98
\RaggedRightRightskip=\skip99
\CenteringParfillskip=\skip100
\RaggedLeftParfillskip=\skip101
\RaggedRightParfillskip=\skip102
\JustifyingParfillskip=\skip103
\CenteringParindent=\skip104
\RaggedLeftParindent=\skip105
\RaggedRightParindent=\skip106
\JustifyingParindent=\skip107
)
(/Users/ajpelu/Library/TinyTeX/texmf-dist/tex/latex/graphics/rotating.sty
Package: rotating 2016/08/11 v2.16d rotated objects in LaTeX
\c@r@tfl@t=\count440
\rotFPtop=\skip108
\rotFPbot=\skip109
\rot@float@box=\box55
\rot@mess@toks=\toks27
)

! LaTeX Error: File `adjustbox.sty' not found.

Type X to quit or <RETURN> to proceed,
or enter new name. (Default extension: sty)

Enter file name: 
! Emergency stop.
<read *> 
         
l.92 \usepackage
                {threeparttable}   % Idem^^M
*** (cannot \read from terminal in nonstop modes)

 
Here is how much of TeX's memory you used:
 25333 strings out of 481270
 474361 string characters out of 5915538
 1169501 words of memory out of 5000000
 41946 multiletter control sequences out of 15000+600000
 406177 words of font info for 30 fonts, out of 8000000 for 9000
 14 hyphenation exceptions out of 8191
 111i,1n,134p,10611b,361s stack positions out of 5000i,500n,10000p,200000b,80000s
!  ==> Fatal error occurred, no output PDF file produced!
